# JRE version: OpenJDK Runtime Environment (7.0_79-b14) (build 1.7.0_79-b14)
# Java VM: OpenJDK 64-Bit Server VM (24.79-b02 mixed mode linux-amd64 compressed oops)
Heap
 PSYoungGen      total 261120K, used 192K [0x00000007d6d00000, 0x00000007e7000000, 0x0000000800000000)
  eden space 257536K, 0% used [0x00000007d6d00000,0x00000007d6d00000,0x00000007e6880000)
  from space 3584K, 5% used [0x00000007e6880000,0x00000007e68b0000,0x00000007e6c00000)
  to   space 3072K, 0% used [0x00000007e6c00000,0x00000007e6c00000,0x00000007e6f00000)
 ParOldGen       total 83968K, used 2268K [0x0000000784800000, 0x0000000789a00000, 0x00000007d6d00000)
  object space 83968K, 2% used [0x0000000784800000,0x0000000784a370c8,0x0000000789a00000)
 PSPermGen       total 21504K, used 11209K [0x000000077a200000, 0x000000077b700000, 0x0000000784800000)
  object space 21504K, 52% used [0x000000077a200000,0x000000077acf25d0,0x000000077b700000)
GC Heap History (10 events):
Event: 4.377 GC heap after
Heap after GC invocations=4 (full 0):
 PSYoungGen      total 69632K, used 2290K [0x00000007d6d00000, 0x00000007db600000, 0x0000000800000000)
  eden space 64512K, 0% used [0x00000007d6d00000,0x00000007d6d00000,0x00000007dac00000)
  from space 5120K, 44% used [0x00000007db100000,0x00000007db33c840,0x00000007db600000)
  to   space 5120K, 0% used [0x00000007dac00000,0x00000007dac00000,0x00000007db100000)
 ParOldGen       total 83968K, used 32K [0x0000000784800000, 0x0000000789a00000, 0x00000007d6d00000)
  object space 83968K, 0% used [0x0000000784800000,0x0000000784808000,0x0000000789a00000)
 PSPermGen       total 21504K, used 11112K [0x000000077a200000, 0x000000077b700000, 0x0000000784800000)
  object space 21504K, 51% used [0x000000077a200000,0x000000077acda140,0x000000077b700000)
}
Event: 6.825 GC heap before
{Heap before GC invocations=5 (full 0):
 PSYoungGen      total 69632K, used 66802K [0x00000007d6d00000, 0x00000007db600000, 0x0000000800000000)
  eden space 64512K, 100% used [0x00000007d6d00000,0x00000007dac00000,0x00000007dac00000)
  from space 5120K, 44% used [0x00000007db100000,0x00000007db33c840,0x00000007db600000)
  to   space 5120K, 0% used [0x00000007dac00000,0x00000007dac00000,0x00000007db100000)
 ParOldGen       total 83968K, used 32K [0x0000000784800000, 0x0000000789a00000, 0x00000007d6d00000)
  object space 83968K, 0% used [0x0000000784800000,0x0000000784808000,0x0000000789a00000)
 PSPermGen       total 21504K, used 11158K [0x000000077a200000, 0x000000077b700000, 0x0000000784800000)
  object space 21504K, 51% used [0x000000077a200000,0x000000077ace5890,0x000000077b700000)
Event: 6.830 GC heap after
Heap after GC invocations=5 (full 0):
 PSYoungGen      total 69632K, used 2322K [0x00000007d6d00000, 0x00000007df000000, 0x0000000800000000)
  eden space 64512K, 0% used [0x00000007d6d00000,0x00000007d6d00000,0x00000007dac00000)
  from space 5120K, 45% used [0x00000007dac00000,0x00000007dae44820,0x00000007db100000)
  to   space 2560K, 0% used [0x00000007ded80000,0x00000007ded80000,0x00000007df000000)
 ParOldGen       total 83968K, used 40K [0x0000000784800000, 0x0000000789a00000, 0x00000007d6d00000)
  object space 83968K, 0% used [0x0000000784800000,0x000000078480a000,0x0000000789a00000)
 PSPermGen       total 21504K, used 11158K [0x000000077a200000, 0x000000077b700000, 0x0000000784800000)
  object space 21504K, 51% used [0x000000077a200000,0x000000077ace5890,0x000000077b700000)
}
Event: 6.895 GC heap before
{Heap before GC invocations=6 (full 0):
 PSYoungGen      total 69632K, used 66834K [0x00000007d6d00000, 0x00000007df000000, 0x0000000800000000)
  eden space 64512K, 100% used [0x00000007d6d00000,0x00000007dac00000,0x00000007dac00000)
  from space 5120K, 45% used [0x00000007dac00000,0x00000007dae44820,0x00000007db100000)
  to   space 2560K, 0% used [0x00000007ded80000,0x00000007ded80000,0x00000007df000000)
 ParOldGen       total 83968K, used 40K [0x0000000784800000, 0x0000000789a00000, 0x00000007d6d00000)
  object space 83968K, 0% used [0x0000000784800000,0x000000078480a000,0x0000000789a00000)
 PSPermGen       total 21504K, used 11158K [0x000000077a200000, 0x000000077b700000, 0x0000000784800000)
  object space 21504K, 51% used [0x000000077a200000,0x000000077ace5890,0x000000077b700000)
Event: 6.901 GC heap after
Heap after GC invocations=6 (full 0):
 PSYoungGen      total 131584K, used 2242K [0x00000007d6d00000, 0x00000007df000000, 0x0000000800000000)
  eden space 129024K, 0% used [0x00000007d6d00000,0x00000007d6d00000,0x00000007deb00000)
  from space 2560K, 87% used [0x00000007ded80000,0x00000007defb0830,0x00000007df000000)
  to   space 2560K, 0% used [0x00000007deb00000,0x00000007deb00000,0x00000007ded80000)
 ParOldGen       total 83968K, used 48K [0x0000000784800000, 0x0000000789a00000, 0x00000007d6d00000)
  object space 83968K, 0% used [0x0000000784800000,0x000000078480c000,0x0000000789a00000)
 PSPermGen       total 21504K, used 11158K [0x000000077a200000, 0x000000077b700000, 0x0000000784800000)
  object space 21504K, 51% used [0x000000077a200000,0x000000077ace5890,0x000000077b700000)
}
Event: 9.404 GC heap before
{Heap before GC invocations=7 (full 0):
 PSYoungGen      total 131584K, used 131266K [0x00000007d6d00000, 0x00000007df000000, 0x0000000800000000)
  eden space 129024K, 100% used [0x00000007d6d00000,0x00000007deb00000,0x00000007deb00000)
  from space 2560K, 87% used [0x00000007ded80000,0x00000007defb0830,0x00000007df000000)
  to   space 2560K, 0% used [0x00000007deb00000,0x00000007deb00000,0x00000007ded80000)
 ParOldGen       total 83968K, used 48K [0x0000000784800000, 0x0000000789a00000, 0x00000007d6d00000)
  object space 83968K, 0% used [0x0000000784800000,0x000000078480c000,0x0000000789a00000)
 PSPermGen       total 21504K, used 11184K [0x000000077a200000, 0x000000077b700000, 0x0000000784800000)
  object space 21504K, 52% used [0x000000077a200000,0x000000077acec1d8,0x000000077b700000)
Event: 9.414 GC heap after
Heap after GC invocations=7 (full 0):
 PSYoungGen      total 131584K, used 160K [0x00000007d6d00000, 0x00000007e6f00000, 0x0000000800000000)
  eden space 129024K, 0% used [0x00000007d6d00000,0x00000007d6d00000,0x00000007deb00000)
  from space 2560K, 6% used [0x00000007deb00000,0x00000007deb28000,0x00000007ded80000)
  to   space 3072K, 0% used [0x00000007e6c00000,0x00000007e6c00000,0x00000007e6f00000)
 ParOldGen       total 83968K, used 2228K [0x0000000784800000, 0x0000000789a00000, 0x00000007d6d00000)
  object space 83968K, 2% used [0x0000000784800000,0x0000000784a2d0c8,0x0000000789a00000)
 PSPermGen       total 21504K, used 11184K [0x000000077a200000, 0x000000077b700000, 0x0000000784800000)
  object space 21504K, 52% used [0x000000077a200000,0x000000077acec1d8,0x000000077b700000)
}
Event: 13.149 GC heap before
{Heap before GC invocations=8 (full 0):
 PSYoungGen      total 131584K, used 129184K [0x00000007d6d00000, 0x00000007e6f00000, 0x0000000800000000)
  eden space 129024K, 100% used [0x00000007d6d00000,0x00000007deb00000,0x00000007deb00000)
  from space 2560K, 6% used [0x00000007deb00000,0x00000007deb28000,0x00000007ded80000)
  to   space 3072K, 0% used [0x00000007e6c00000,0x00000007e6c00000,0x00000007e6f00000)
 ParOldGen       total 83968K, used 2228K [0x0000000784800000, 0x0000000789a00000, 0x00000007d6d00000)
  object space 83968K, 2% used [0x0000000784800000,0x0000000784a2d0c8,0x0000000789a00000)
 PSPermGen       total 21504K, used 11199K [0x000000077a200000, 0x000000077b700000, 0x0000000784800000)
  object space 21504K, 52% used [0x000000077a200000,0x000000077acefd98,0x000000077b700000)
Event: 13.152 GC heap after
Heap after GC invocations=8 (full 0):
 PSYoungGen      total 260608K, used 192K [0x00000007d6d00000, 0x00000007e7000000, 0x0000000800000000)
  eden space 257536K, 0% used [0x00000007d6d00000,0x00000007d6d00000,0x00000007e6880000)
  from space 3072K, 6% used [0x00000007e6c00000,0x00000007e6c30000,0x00000007e6f00000)
  to   space 3584K, 0% used [0x00000007e6880000,0x00000007e6880000,0x00000007e6c00000)
 ParOldGen       total 83968K, used 2228K [0x0000000784800000, 0x0000000789a00000, 0x00000007d6d00000)
  object space 83968K, 2% used [0x0000000784800000,0x0000000784a2d0c8,0x0000000789a00000)
 PSPermGen       total 21504K, used 11199K [0x000000077a200000, 0x000000077b700000, 0x0000000784800000)
  object space 21504K, 52% used [0x000000077a200000,0x000000077acefd98,0x000000077b700000)
}
Event: 15.437 GC heap before
{Heap before GC invocations=9 (full 0):
 PSYoungGen      total 260608K, used 257728K [0x00000007d6d00000, 0x00000007e7000000, 0x0000000800000000)
  eden space 257536K, 100% used [0x00000007d6d00000,0x00000007e6880000,0x00000007e6880000)
  from space 3072K, 6% used [0x00000007e6c00000,0x00000007e6c30000,0x00000007e6f00000)
  to   space 3584K, 0% used [0x00000007e6880000,0x00000007e6880000,0x00000007e6c00000)
 ParOldGen       total 83968K, used 2228K [0x0000000784800000, 0x0000000789a00000, 0x00000007d6d00000)
  object space 83968K, 2% used [0x0000000784800000,0x0000000784a2d0c8,0x0000000789a00000)
 PSPermGen       total 21504K, used 11209K [0x000000077a200000, 0x000000077b700000, 0x0000000784800000)
  object space 21504K, 52% used [0x000000077a200000,0x000000077acf25d0,0x000000077b700000)

