# JRE version: OpenJDK Runtime Environment (7.0_79-b14) (build 1.7.0_79-b14)
# Java VM: OpenJDK 64-Bit Server VM (24.79-b02 mixed mode linux-amd64 compressed oops)
Heap
 PSYoungGen      total 261120K, used 128K [0x00000007d6d00000, 0x00000007e7000000, 0x0000000800000000)
  eden space 257536K, 0% used [0x00000007d6d00000,0x00000007d6d00000,0x00000007e6880000)
  from space 3584K, 3% used [0x00000007e6880000,0x00000007e68a0000,0x00000007e6c00000)
  to   space 3072K, 0% used [0x00000007e6c00000,0x00000007e6c00000,0x00000007e6f00000)
 ParOldGen       total 83968K, used 2257K [0x0000000784800000, 0x0000000789a00000, 0x00000007d6d00000)
  object space 83968K, 2% used [0x0000000784800000,0x0000000784a346d0,0x0000000789a00000)
 PSPermGen       total 21504K, used 11137K [0x000000077a200000, 0x000000077b700000, 0x0000000784800000)
  object space 21504K, 51% used [0x000000077a200000,0x000000077ace05f8,0x000000077b700000)
GC Heap History (10 events):
Event: 4.255 GC heap after
Heap after GC invocations=4 (full 0):
 PSYoungGen      total 69632K, used 2292K [0x00000007d6d00000, 0x00000007db600000, 0x0000000800000000)
  eden space 64512K, 0% used [0x00000007d6d00000,0x00000007d6d00000,0x00000007dac00000)
  from space 5120K, 44% used [0x00000007db100000,0x00000007db33d050,0x00000007db600000)
  to   space 5120K, 0% used [0x00000007dac00000,0x00000007dac00000,0x00000007db100000)
 ParOldGen       total 83968K, used 24K [0x0000000784800000, 0x0000000789a00000, 0x00000007d6d00000)
  object space 83968K, 0% used [0x0000000784800000,0x0000000784806000,0x0000000789a00000)
 PSPermGen       total 21504K, used 11136K [0x000000077a200000, 0x000000077b700000, 0x0000000784800000)
  object space 21504K, 51% used [0x000000077a200000,0x000000077ace02e0,0x000000077b700000)
}
Event: 4.327 GC heap before
{Heap before GC invocations=5 (full 0):
 PSYoungGen      total 69632K, used 66804K [0x00000007d6d00000, 0x00000007db600000, 0x0000000800000000)
  eden space 64512K, 100% used [0x00000007d6d00000,0x00000007dac00000,0x00000007dac00000)
  from space 5120K, 44% used [0x00000007db100000,0x00000007db33d050,0x00000007db600000)
  to   space 5120K, 0% used [0x00000007dac00000,0x00000007dac00000,0x00000007db100000)
 ParOldGen       total 83968K, used 24K [0x0000000784800000, 0x0000000789a00000, 0x00000007d6d00000)
  object space 83968K, 0% used [0x0000000784800000,0x0000000784806000,0x0000000789a00000)
 PSPermGen       total 21504K, used 11136K [0x000000077a200000, 0x000000077b700000, 0x0000000784800000)
  object space 21504K, 51% used [0x000000077a200000,0x000000077ace02e0,0x000000077b700000)
Event: 4.334 GC heap after
Heap after GC invocations=5 (full 0):
 PSYoungGen      total 69632K, used 2322K [0x00000007d6d00000, 0x00000007df000000, 0x0000000800000000)
  eden space 64512K, 0% used [0x00000007d6d00000,0x00000007d6d00000,0x00000007dac00000)
  from space 5120K, 45% used [0x00000007dac00000,0x00000007dae44840,0x00000007db100000)
  to   space 2560K, 0% used [0x00000007ded80000,0x00000007ded80000,0x00000007df000000)
 ParOldGen       total 83968K, used 32K [0x0000000784800000, 0x0000000789a00000, 0x00000007d6d00000)
  object space 83968K, 0% used [0x0000000784800000,0x0000000784808000,0x0000000789a00000)
 PSPermGen       total 21504K, used 11136K [0x000000077a200000, 0x000000077b700000, 0x0000000784800000)
  object space 21504K, 51% used [0x000000077a200000,0x000000077ace02e0,0x000000077b700000)
}
Event: 4.400 GC heap before
{Heap before GC invocations=6 (full 0):
 PSYoungGen      total 69632K, used 66834K [0x00000007d6d00000, 0x00000007df000000, 0x0000000800000000)
  eden space 64512K, 100% used [0x00000007d6d00000,0x00000007dac00000,0x00000007dac00000)
  from space 5120K, 45% used [0x00000007dac00000,0x00000007dae44840,0x00000007db100000)
  to   space 2560K, 0% used [0x00000007ded80000,0x00000007ded80000,0x00000007df000000)
 ParOldGen       total 83968K, used 32K [0x0000000784800000, 0x0000000789a00000, 0x00000007d6d00000)
  object space 83968K, 0% used [0x0000000784800000,0x0000000784808000,0x0000000789a00000)
 PSPermGen       total 21504K, used 11136K [0x000000077a200000, 0x000000077b700000, 0x0000000784800000)
  object space 21504K, 51% used [0x000000077a200000,0x000000077ace02e0,0x000000077b700000)
Event: 4.405 GC heap after
Heap after GC invocations=6 (full 0):
 PSYoungGen      total 131584K, used 2276K [0x00000007d6d00000, 0x00000007df000000, 0x0000000800000000)
  eden space 129024K, 0% used [0x00000007d6d00000,0x00000007d6d00000,0x00000007deb00000)
  from space 2560K, 88% used [0x00000007ded80000,0x00000007defb9060,0x00000007df000000)
  to   space 2560K, 0% used [0x00000007deb00000,0x00000007deb00000,0x00000007ded80000)
 ParOldGen       total 83968K, used 40K [0x0000000784800000, 0x0000000789a00000, 0x00000007d6d00000)
  object space 83968K, 0% used [0x0000000784800000,0x000000078480a000,0x0000000789a00000)
 PSPermGen       total 21504K, used 11136K [0x000000077a200000, 0x000000077b700000, 0x0000000784800000)
  object space 21504K, 51% used [0x000000077a200000,0x000000077ace02e0,0x000000077b700000)
}
Event: 4.576 GC heap before
{Heap before GC invocations=7 (full 0):
 PSYoungGen      total 131584K, used 131300K [0x00000007d6d00000, 0x00000007df000000, 0x0000000800000000)
  eden space 129024K, 100% used [0x00000007d6d00000,0x00000007deb00000,0x00000007deb00000)
  from space 2560K, 88% used [0x00000007ded80000,0x00000007defb9060,0x00000007df000000)
  to   space 2560K, 0% used [0x00000007deb00000,0x00000007deb00000,0x00000007ded80000)
 ParOldGen       total 83968K, used 40K [0x0000000784800000, 0x0000000789a00000, 0x00000007d6d00000)
  object space 83968K, 0% used [0x0000000784800000,0x000000078480a000,0x0000000789a00000)
 PSPermGen       total 21504K, used 11137K [0x000000077a200000, 0x000000077b700000, 0x0000000784800000)
  object space 21504K, 51% used [0x000000077a200000,0x000000077ace05f8,0x000000077b700000)
Event: 4.582 GC heap after
Heap after GC invocations=7 (full 0):
 PSYoungGen      total 131584K, used 128K [0x00000007d6d00000, 0x00000007e6f00000, 0x0000000800000000)
  eden space 129024K, 0% used [0x00000007d6d00000,0x00000007d6d00000,0x00000007deb00000)
  from space 2560K, 5% used [0x00000007deb00000,0x00000007deb20000,0x00000007ded80000)
  to   space 3072K, 0% used [0x00000007e6c00000,0x00000007e6c00000,0x00000007e6f00000)
 ParOldGen       total 83968K, used 2233K [0x0000000784800000, 0x0000000789a00000, 0x00000007d6d00000)
  object space 83968K, 2% used [0x0000000784800000,0x0000000784a2e6d0,0x0000000789a00000)
 PSPermGen       total 21504K, used 11137K [0x000000077a200000, 0x000000077b700000, 0x0000000784800000)
  object space 21504K, 51% used [0x000000077a200000,0x000000077ace05f8,0x000000077b700000)
}
Event: 4.711 GC heap before
{Heap before GC invocations=8 (full 0):
 PSYoungGen      total 131584K, used 129152K [0x00000007d6d00000, 0x00000007e6f00000, 0x0000000800000000)
  eden space 129024K, 100% used [0x00000007d6d00000,0x00000007deb00000,0x00000007deb00000)
  from space 2560K, 5% used [0x00000007deb00000,0x00000007deb20000,0x00000007ded80000)
  to   space 3072K, 0% used [0x00000007e6c00000,0x00000007e6c00000,0x00000007e6f00000)
 ParOldGen       total 83968K, used 2233K [0x0000000784800000, 0x0000000789a00000, 0x00000007d6d00000)
  object space 83968K, 2% used [0x0000000784800000,0x0000000784a2e6d0,0x0000000789a00000)
 PSPermGen       total 21504K, used 11137K [0x000000077a200000, 0x000000077b700000, 0x0000000784800000)
  object space 21504K, 51% used [0x000000077a200000,0x000000077ace05f8,0x000000077b700000)
Event: 4.713 GC heap after
Heap after GC invocations=8 (full 0):
 PSYoungGen      total 260608K, used 224K [0x00000007d6d00000, 0x00000007e7000000, 0x0000000800000000)
  eden space 257536K, 0% used [0x00000007d6d00000,0x00000007d6d00000,0x00000007e6880000)
  from space 3072K, 7% used [0x00000007e6c00000,0x00000007e6c38000,0x00000007e6f00000)
  to   space 3584K, 0% used [0x00000007e6880000,0x00000007e6880000,0x00000007e6c00000)
 ParOldGen       total 83968K, used 2233K [0x0000000784800000, 0x0000000789a00000, 0x00000007d6d00000)
  object space 83968K, 2% used [0x0000000784800000,0x0000000784a2e6d0,0x0000000789a00000)
 PSPermGen       total 21504K, used 11137K [0x000000077a200000, 0x000000077b700000, 0x0000000784800000)
  object space 21504K, 51% used [0x000000077a200000,0x000000077ace05f8,0x000000077b700000)
}
Event: 5.018 GC heap before
{Heap before GC invocations=9 (full 0):
 PSYoungGen      total 260608K, used 257760K [0x00000007d6d00000, 0x00000007e7000000, 0x0000000800000000)
  eden space 257536K, 100% used [0x00000007d6d00000,0x00000007e6880000,0x00000007e6880000)
  from space 3072K, 7% used [0x00000007e6c00000,0x00000007e6c38000,0x00000007e6f00000)
  to   space 3584K, 0% used [0x00000007e6880000,0x00000007e6880000,0x00000007e6c00000)
 ParOldGen       total 83968K, used 2233K [0x0000000784800000, 0x0000000789a00000, 0x00000007d6d00000)
  object space 83968K, 2% used [0x0000000784800000,0x0000000784a2e6d0,0x0000000789a00000)
 PSPermGen       total 21504K, used 11137K [0x000000077a200000, 0x000000077b700000, 0x0000000784800000)
  object space 21504K, 51% used [0x000000077a200000,0x000000077ace05f8,0x000000077b700000)

