# JRE version: OpenJDK Runtime Environment (7.0_65-b32) (build 1.7.0_65-b32)
# Java VM: OpenJDK 64-Bit Server VM (24.65-b04 mixed mode linux-amd64 compressed oops)
Heap
 PSYoungGen      total 18432K, used 1024K [0x00000000f2200000, 0x00000000f3500000, 0x0000000100000000)
  eden space 17408K, 0% used [0x00000000f2200000,0x00000000f2200000,0x00000000f3300000)
  from space 1024K, 100% used [0x00000000f3300000,0x00000000f3400000,0x00000000f3400000)
  to   space 1024K, 0% used [0x00000000f3400000,0x00000000f3400000,0x00000000f3500000)
 ParOldGen       total 20992K, used 537K [0x00000000d6600000, 0x00000000d7a80000, 0x00000000f2200000)
  object space 20992K, 2% used [0x00000000d6600000,0x00000000d6686460,0x00000000d7a80000)
 PSPermGen       total 21504K, used 10968K [0x00000000cc000000, 0x00000000cd500000, 0x00000000d6600000)
  object space 21504K, 51% used [0x00000000cc000000,0x00000000ccab6290,0x00000000cd500000)
GC Heap History (9 events):
Event: 4.289 GC heap before
{Heap before GC invocations=1 (full 0):
 PSYoungGen      total 9728K, used 8704K [0x00000000f2200000, 0x00000000f2c80000, 0x0000000100000000)
  eden space 8704K, 100% used [0x00000000f2200000,0x00000000f2a80000,0x00000000f2a80000)
  from space 1024K, 0% used [0x00000000f2b80000,0x00000000f2b80000,0x00000000f2c80000)
  to   space 1024K, 0% used [0x00000000f2a80000,0x00000000f2a80000,0x00000000f2b80000)
 ParOldGen       total 20992K, used 0K [0x00000000d6600000, 0x00000000d7a80000, 0x00000000f2200000)
  object space 20992K, 0% used [0x00000000d6600000,0x00000000d6600000,0x00000000d7a80000)
 PSPermGen       total 21504K, used 10964K [0x00000000cc000000, 0x00000000cd500000, 0x00000000d6600000)
  object space 21504K, 50% used [0x00000000cc000000,0x00000000ccab5388,0x00000000cd500000)
Event: 4.310 GC heap after
Heap after GC invocations=1 (full 0):
 PSYoungGen      total 9728K, used 1010K [0x00000000f2200000, 0x00000000f2c80000, 0x0000000100000000)
  eden space 8704K, 0% used [0x00000000f2200000,0x00000000f2200000,0x00000000f2a80000)
  from space 1024K, 98% used [0x00000000f2a80000,0x00000000f2b7c840,0x00000000f2b80000)
  to   space 1024K, 0% used [0x00000000f2b80000,0x00000000f2b80000,0x00000000f2c80000)
 ParOldGen       total 20992K, used 521K [0x00000000d6600000, 0x00000000d7a80000, 0x00000000f2200000)
  object space 20992K, 2% used [0x00000000d6600000,0x00000000d6682460,0x00000000d7a80000)
 PSPermGen       total 21504K, used 10964K [0x00000000cc000000, 0x00000000cd500000, 0x00000000d6600000)
  object space 21504K, 50% used [0x00000000cc000000,0x00000000ccab5388,0x00000000cd500000)
}
Event: 4.389 GC heap before
{Heap before GC invocations=2 (full 0):
 PSYoungGen      total 9728K, used 9714K [0x00000000f2200000, 0x00000000f2c80000, 0x0000000100000000)
  eden space 8704K, 100% used [0x00000000f2200000,0x00000000f2a80000,0x00000000f2a80000)
  from space 1024K, 98% used [0x00000000f2a80000,0x00000000f2b7c840,0x00000000f2b80000)
  to   space 1024K, 0% used [0x00000000f2b80000,0x00000000f2b80000,0x00000000f2c80000)
 ParOldGen       total 20992K, used 521K [0x00000000d6600000, 0x00000000d7a80000, 0x00000000f2200000)
  object space 20992K, 2% used [0x00000000d6600000,0x00000000d6682460,0x00000000d7a80000)
 PSPermGen       total 21504K, used 10966K [0x00000000cc000000, 0x00000000cd500000, 0x00000000d6600000)
  object space 21504K, 50% used [0x00000000cc000000,0x00000000ccab59e8,0x00000000cd500000)
Event: 4.394 GC heap after
Heap after GC invocations=2 (full 0):
 PSYoungGen      total 9728K, used 1024K [0x00000000f2200000, 0x00000000f3500000, 0x0000000100000000)
  eden space 8704K, 0% used [0x00000000f2200000,0x00000000f2200000,0x00000000f2a80000)
  from space 1024K, 100% used [0x00000000f2b80000,0x00000000f2c80000,0x00000000f2c80000)
  to   space 1024K, 0% used [0x00000000f2a80000,0x00000000f2a80000,0x00000000f2b80000)
 ParOldGen       total 20992K, used 529K [0x00000000d6600000, 0x00000000d7a80000, 0x00000000f2200000)
  object space 20992K, 2% used [0x00000000d6600000,0x00000000d6684460,0x00000000d7a80000)
 PSPermGen       total 21504K, used 10966K [0x00000000cc000000, 0x00000000cd500000, 0x00000000d6600000)
  object space 21504K, 50% used [0x00000000cc000000,0x00000000ccab59e8,0x00000000cd500000)
}
Event: 4.414 GC heap before
{Heap before GC invocations=3 (full 0):
 PSYoungGen      total 9728K, used 9728K [0x00000000f2200000, 0x00000000f3500000, 0x0000000100000000)
  eden space 8704K, 100% used [0x00000000f2200000,0x00000000f2a80000,0x00000000f2a80000)
  from space 1024K, 100% used [0x00000000f2b80000,0x00000000f2c80000,0x00000000f2c80000)
  to   space 1024K, 0% used [0x00000000f2a80000,0x00000000f2a80000,0x00000000f2b80000)
 ParOldGen       total 20992K, used 529K [0x00000000d6600000, 0x00000000d7a80000, 0x00000000f2200000)
  object space 20992K, 2% used [0x00000000d6600000,0x00000000d6684460,0x00000000d7a80000)
 PSPermGen       total 21504K, used 10968K [0x00000000cc000000, 0x00000000cd500000, 0x00000000d6600000)
  object space 21504K, 51% used [0x00000000cc000000,0x00000000ccab6290,0x00000000cd500000)
Event: 4.417 GC heap after
Heap after GC invocations=3 (full 0):
 PSYoungGen      total 9728K, used 1024K [0x00000000f2200000, 0x00000000f3500000, 0x0000000100000000)
  eden space 8704K, 0% used [0x00000000f2200000,0x00000000f2200000,0x00000000f2a80000)
  from space 1024K, 100% used [0x00000000f2a80000,0x00000000f2b80000,0x00000000f2b80000)
  to   space 1024K, 0% used [0x00000000f3400000,0x00000000f3400000,0x00000000f3500000)
 ParOldGen       total 20992K, used 529K [0x00000000d6600000, 0x00000000d7a80000, 0x00000000f2200000)
  object space 20992K, 2% used [0x00000000d6600000,0x00000000d6684460,0x00000000d7a80000)
 PSPermGen       total 21504K, used 10968K [0x00000000cc000000, 0x00000000cd500000, 0x00000000d6600000)
  object space 21504K, 51% used [0x00000000cc000000,0x00000000ccab6290,0x00000000cd500000)
}
Event: 4.429 GC heap before
{Heap before GC invocations=4 (full 0):
 PSYoungGen      total 9728K, used 9728K [0x00000000f2200000, 0x00000000f3500000, 0x0000000100000000)
  eden space 8704K, 100% used [0x00000000f2200000,0x00000000f2a80000,0x00000000f2a80000)
  from space 1024K, 100% used [0x00000000f2a80000,0x00000000f2b80000,0x00000000f2b80000)
  to   space 1024K, 0% used [0x00000000f3400000,0x00000000f3400000,0x00000000f3500000)
 ParOldGen       total 20992K, used 529K [0x00000000d6600000, 0x00000000d7a80000, 0x00000000f2200000)
  object space 20992K, 2% used [0x00000000d6600000,0x00000000d6684460,0x00000000d7a80000)
 PSPermGen       total 21504K, used 10968K [0x00000000cc000000, 0x00000000cd500000, 0x00000000d6600000)
  object space 21504K, 51% used [0x00000000cc000000,0x00000000ccab6290,0x00000000cd500000)
Event: 4.434 GC heap after
Heap after GC invocations=4 (full 0):
 PSYoungGen      total 18432K, used 1024K [0x00000000f2200000, 0x00000000f3500000, 0x0000000100000000)
  eden space 17408K, 0% used [0x00000000f2200000,0x00000000f2200000,0x00000000f3300000)
  from space 1024K, 100% used [0x00000000f3400000,0x00000000f3500000,0x00000000f3500000)
  to   space 1024K, 0% used [0x00000000f3300000,0x00000000f3300000,0x00000000f3400000)
 ParOldGen       total 20992K, used 537K [0x00000000d6600000, 0x00000000d7a80000, 0x00000000f2200000)
  object space 20992K, 2% used [0x00000000d6600000,0x00000000d6686460,0x00000000d7a80000)
 PSPermGen       total 21504K, used 10968K [0x00000000cc000000, 0x00000000cd500000, 0x00000000d6600000)
  object space 21504K, 51% used [0x00000000cc000000,0x00000000ccab6290,0x00000000cd500000)
}
Event: 4.468 GC heap before
{Heap before GC invocations=5 (full 0):
 PSYoungGen      total 18432K, used 18432K [0x00000000f2200000, 0x00000000f3500000, 0x0000000100000000)
  eden space 17408K, 100% used [0x00000000f2200000,0x00000000f3300000,0x00000000f3300000)
  from space 1024K, 100% used [0x00000000f3400000,0x00000000f3500000,0x00000000f3500000)
  to   space 1024K, 0% used [0x00000000f3300000,0x00000000f3300000,0x00000000f3400000)
 ParOldGen       total 20992K, used 537K [0x00000000d6600000, 0x00000000d7a80000, 0x00000000f2200000)
  object space 20992K, 2% used [0x00000000d6600000,0x00000000d6686460,0x00000000d7a80000)
 PSPermGen       total 21504K, used 10968K [0x00000000cc000000, 0x00000000cd500000, 0x00000000d6600000)
  object space 21504K, 51% used [0x00000000cc000000,0x00000000ccab6290,0x00000000cd500000)

