# JRE version: OpenJDK Runtime Environment (7.0_79-b14) (build 1.7.0_79-b14)
# Java VM: OpenJDK 64-Bit Server VM (24.79-b02 mixed mode linux-amd64 compressed oops)
Heap
 PSYoungGen      total 261120K, used 128K [0x00000007d6d00000, 0x00000007e7000000, 0x0000000800000000)
  eden space 257536K, 0% used [0x00000007d6d00000,0x00000007d6d00000,0x00000007e6880000)
  from space 3584K, 3% used [0x00000007e6880000,0x00000007e68a0000,0x00000007e6c00000)
  to   space 3072K, 0% used [0x00000007e6c00000,0x00000007e6c00000,0x00000007e6f00000)
 ParOldGen       total 83968K, used 2243K [0x0000000784800000, 0x0000000789a00000, 0x00000007d6d00000)
  object space 83968K, 2% used [0x0000000784800000,0x0000000784a30f00,0x0000000789a00000)
 PSPermGen       total 21504K, used 11239K [0x000000077a200000, 0x000000077b700000, 0x0000000784800000)
  object space 21504K, 52% used [0x000000077a200000,0x000000077acf9f38,0x000000077b700000)
GC Heap History (10 events):
Event: 3.358 GC heap after
Heap after GC invocations=4 (full 0):
 PSYoungGen      total 69632K, used 2274K [0x00000007d6d00000, 0x00000007db600000, 0x0000000800000000)
  eden space 64512K, 0% used [0x00000007d6d00000,0x00000007d6d00000,0x00000007dac00000)
  from space 5120K, 44% used [0x00000007db100000,0x00000007db338830,0x00000007db600000)
  to   space 5120K, 0% used [0x00000007dac00000,0x00000007dac00000,0x00000007db100000)
 ParOldGen       total 83968K, used 24K [0x0000000784800000, 0x0000000789a00000, 0x00000007d6d00000)
  object space 83968K, 0% used [0x0000000784800000,0x0000000784806000,0x0000000789a00000)
 PSPermGen       total 21504K, used 11160K [0x000000077a200000, 0x000000077b700000, 0x0000000784800000)
  object space 21504K, 51% used [0x000000077a200000,0x000000077ace60f0,0x000000077b700000)
}
Event: 7.634 GC heap before
{Heap before GC invocations=5 (full 0):
 PSYoungGen      total 69632K, used 66786K [0x00000007d6d00000, 0x00000007db600000, 0x0000000800000000)
  eden space 64512K, 100% used [0x00000007d6d00000,0x00000007dac00000,0x00000007dac00000)
  from space 5120K, 44% used [0x00000007db100000,0x00000007db338830,0x00000007db600000)
  to   space 5120K, 0% used [0x00000007dac00000,0x00000007dac00000,0x00000007db100000)
 ParOldGen       total 83968K, used 24K [0x0000000784800000, 0x0000000789a00000, 0x00000007d6d00000)
  object space 83968K, 0% used [0x0000000784800000,0x0000000784806000,0x0000000789a00000)
 PSPermGen       total 21504K, used 11182K [0x000000077a200000, 0x000000077b700000, 0x0000000784800000)
  object space 21504K, 52% used [0x000000077a200000,0x000000077aceb898,0x000000077b700000)
Event: 7.638 GC heap after
Heap after GC invocations=5 (full 0):
 PSYoungGen      total 69632K, used 2274K [0x00000007d6d00000, 0x00000007df000000, 0x0000000800000000)
  eden space 64512K, 0% used [0x00000007d6d00000,0x00000007d6d00000,0x00000007dac00000)
  from space 5120K, 44% used [0x00000007dac00000,0x00000007dae38830,0x00000007db100000)
  to   space 2560K, 0% used [0x00000007ded80000,0x00000007ded80000,0x00000007df000000)
 ParOldGen       total 83968K, used 32K [0x0000000784800000, 0x0000000789a00000, 0x00000007d6d00000)
  object space 83968K, 0% used [0x0000000784800000,0x0000000784808000,0x0000000789a00000)
 PSPermGen       total 21504K, used 11182K [0x000000077a200000, 0x000000077b700000, 0x0000000784800000)
  object space 21504K, 52% used [0x000000077a200000,0x000000077aceb898,0x000000077b700000)
}
Event: 7.711 GC heap before
{Heap before GC invocations=6 (full 0):
 PSYoungGen      total 69632K, used 66786K [0x00000007d6d00000, 0x00000007df000000, 0x0000000800000000)
  eden space 64512K, 100% used [0x00000007d6d00000,0x00000007dac00000,0x00000007dac00000)
  from space 5120K, 44% used [0x00000007dac00000,0x00000007dae38830,0x00000007db100000)
  to   space 2560K, 0% used [0x00000007ded80000,0x00000007ded80000,0x00000007df000000)
 ParOldGen       total 83968K, used 32K [0x0000000784800000, 0x0000000789a00000, 0x00000007d6d00000)
  object space 83968K, 0% used [0x0000000784800000,0x0000000784808000,0x0000000789a00000)
 PSPermGen       total 21504K, used 11183K [0x000000077a200000, 0x000000077b700000, 0x0000000784800000)
  object space 21504K, 52% used [0x000000077a200000,0x000000077acebe80,0x000000077b700000)
Event: 7.717 GC heap after
Heap after GC invocations=6 (full 0):
 PSYoungGen      total 131584K, used 2226K [0x00000007d6d00000, 0x00000007df000000, 0x0000000800000000)
  eden space 129024K, 0% used [0x00000007d6d00000,0x00000007d6d00000,0x00000007deb00000)
  from space 2560K, 86% used [0x00000007ded80000,0x00000007defac840,0x00000007df000000)
  to   space 2560K, 0% used [0x00000007deb00000,0x00000007deb00000,0x00000007ded80000)
 ParOldGen       total 83968K, used 40K [0x0000000784800000, 0x0000000789a00000, 0x00000007d6d00000)
  object space 83968K, 0% used [0x0000000784800000,0x000000078480a000,0x0000000789a00000)
 PSPermGen       total 21504K, used 11183K [0x000000077a200000, 0x000000077b700000, 0x0000000784800000)
  object space 21504K, 52% used [0x000000077a200000,0x000000077acebe80,0x000000077b700000)
}
Event: 10.021 GC heap before
{Heap before GC invocations=7 (full 0):
 PSYoungGen      total 131584K, used 131250K [0x00000007d6d00000, 0x00000007df000000, 0x0000000800000000)
  eden space 129024K, 100% used [0x00000007d6d00000,0x00000007deb00000,0x00000007deb00000)
  from space 2560K, 86% used [0x00000007ded80000,0x00000007defac840,0x00000007df000000)
  to   space 2560K, 0% used [0x00000007deb00000,0x00000007deb00000,0x00000007ded80000)
 ParOldGen       total 83968K, used 40K [0x0000000784800000, 0x0000000789a00000, 0x00000007d6d00000)
  object space 83968K, 0% used [0x0000000784800000,0x000000078480a000,0x0000000789a00000)
 PSPermGen       total 21504K, used 11209K [0x000000077a200000, 0x000000077b700000, 0x0000000784800000)
  object space 21504K, 52% used [0x000000077a200000,0x000000077acf27e0,0x000000077b700000)
Event: 10.026 GC heap after
Heap after GC invocations=7 (full 0):
 PSYoungGen      total 131584K, used 160K [0x00000007d6d00000, 0x00000007e6f00000, 0x0000000800000000)
  eden space 129024K, 0% used [0x00000007d6d00000,0x00000007d6d00000,0x00000007deb00000)
  from space 2560K, 6% used [0x00000007deb00000,0x00000007deb28000,0x00000007ded80000)
  to   space 3072K, 0% used [0x00000007e6c00000,0x00000007e6c00000,0x00000007e6f00000)
 ParOldGen       total 83968K, used 2211K [0x0000000784800000, 0x0000000789a00000, 0x00000007d6d00000)
  object space 83968K, 2% used [0x0000000784800000,0x0000000784a28f00,0x0000000789a00000)
 PSPermGen       total 21504K, used 11209K [0x000000077a200000, 0x000000077b700000, 0x0000000784800000)
  object space 21504K, 52% used [0x000000077a200000,0x000000077acf27e0,0x000000077b700000)
}
Event: 10.151 GC heap before
{Heap before GC invocations=8 (full 0):
 PSYoungGen      total 131584K, used 129184K [0x00000007d6d00000, 0x00000007e6f00000, 0x0000000800000000)
  eden space 129024K, 100% used [0x00000007d6d00000,0x00000007deb00000,0x00000007deb00000)
  from space 2560K, 6% used [0x00000007deb00000,0x00000007deb28000,0x00000007ded80000)
  to   space 3072K, 0% used [0x00000007e6c00000,0x00000007e6c00000,0x00000007e6f00000)
 ParOldGen       total 83968K, used 2211K [0x0000000784800000, 0x0000000789a00000, 0x00000007d6d00000)
  object space 83968K, 2% used [0x0000000784800000,0x0000000784a28f00,0x0000000789a00000)
 PSPermGen       total 21504K, used 11209K [0x000000077a200000, 0x000000077b700000, 0x0000000784800000)
  object space 21504K, 52% used [0x000000077a200000,0x000000077acf27e0,0x000000077b700000)
Event: 10.163 GC heap after
Heap after GC invocations=8 (full 0):
 PSYoungGen      total 260608K, used 224K [0x00000007d6d00000, 0x00000007e7000000, 0x0000000800000000)
  eden space 257536K, 0% used [0x00000007d6d00000,0x00000007d6d00000,0x00000007e6880000)
  from space 3072K, 7% used [0x00000007e6c00000,0x00000007e6c38000,0x00000007e6f00000)
  to   space 3584K, 0% used [0x00000007e6880000,0x00000007e6880000,0x00000007e6c00000)
 ParOldGen       total 83968K, used 2211K [0x0000000784800000, 0x0000000789a00000, 0x00000007d6d00000)
  object space 83968K, 2% used [0x0000000784800000,0x0000000784a28f00,0x0000000789a00000)
 PSPermGen       total 21504K, used 11209K [0x000000077a200000, 0x000000077b700000, 0x0000000784800000)
  object space 21504K, 52% used [0x000000077a200000,0x000000077acf27e0,0x000000077b700000)
}
Event: 16.202 GC heap before
{Heap before GC invocations=9 (full 0):
 PSYoungGen      total 260608K, used 257760K [0x00000007d6d00000, 0x00000007e7000000, 0x0000000800000000)
  eden space 257536K, 100% used [0x00000007d6d00000,0x00000007e6880000,0x00000007e6880000)
  from space 3072K, 7% used [0x00000007e6c00000,0x00000007e6c38000,0x00000007e6f00000)
  to   space 3584K, 0% used [0x00000007e6880000,0x00000007e6880000,0x00000007e6c00000)
 ParOldGen       total 83968K, used 2211K [0x0000000784800000, 0x0000000789a00000, 0x00000007d6d00000)
  object space 83968K, 2% used [0x0000000784800000,0x0000000784a28f00,0x0000000789a00000)
 PSPermGen       total 21504K, used 11239K [0x000000077a200000, 0x000000077b700000, 0x0000000784800000)
  object space 21504K, 52% used [0x000000077a200000,0x000000077acf9f38,0x000000077b700000)

